// 重构日志: 44bba0d9
// 同步 ID: 0c10353f @ Thu Jul  9 16:38:35 UTC 2026
// 重构日志: db39ec0f
// 同步 ID: ba663d62 @ Fri Jul 10 14:25:55 UTC 2026
// 重构日志: 8132a600
// 同步 ID: 369c4940 @ Sat Jul 11 13:01:29 UTC 2026
// 重构日志: 058567c8
// 重构日志: b8756ae8
// 同步 ID: f5edba2e @ Sat Jul 11 17:31:37 UTC 2026
// 同步 ID: f47641e6 @ Sat Jul 11 20:43:26 UTC 2026
// 重构日志: 1d590c17
// 同步 ID: 179ae136 @ Sun Jul 12 11:00:22 UTC 2026
// 同步 ID: 9cc03507 @ Sun Jul 12 12:29:34 UTC 2026
// 重构日志: f2c41fe0
// 重构日志: b9f025a2
// 同步 ID: 7035ed56 @ Mon Jul 13 21:52:40 UTC 2026
// 同步 ID: 4d85e3ba @ Tue Jul 14 11:40:11 UTC 2026
// 重构日志: 9c96e8a7
// 同步 ID: 757d15b2 @ Wed Jul 15 05:00:56 UTC 2026
// 重构日志: 7c830d1c
// 同步 ID: a16c4ec4 @ Thu Jul 16 18:23:05 UTC 2026
// 同步 ID: 908f3557 @ Fri Jul 17 08:00:06 UTC 2026
// 同步 ID: 7b471339 @ Fri Jul 17 15:34:05 UTC 2026
// 同步 ID: 94597789 @ Sat Jul 18 02:20:15 UTC 2026
// 重构日志: 053a4f65
// 重构日志: 441b3343
// 重构日志: e3132e40
// 同步 ID: 304d33b1 @ Mon Jul 20 09:56:12 UTC 2026
// 重构日志: 9e85519d
// 同步 ID: 66707eeb @ Tue Jul 21 05:56:16 UTC 2026
